2019-04-19 09:50:05 [scrapy.utils.log] INFO: Scrapy 1.6.0 started (bot: by_scrapy)
2019-04-19 09:50:05 [scrapy.utils.log] INFO: Versions: lxml 4.2.5.0, libxml2 2.9.5, cssselect 1.0.3, parsel 1.5.1, w3lib 1.20.0, Twisted 18.9.0, Python 3.6.8 (tags/v3.6.8:3c6b436a57, Dec 24 2018, 00:16:47) [MSC v.1916 64 bit (AMD64)], pyOpenSSL 19.0.0 (OpenSSL 1.1.1b  26 Feb 2019), cryptography 2.6.1, Platform Windows-10-10.0.17134-SP0
2019-04-19 09:50:05 [scrapy.crawler] INFO: Overridden settings: {'BOT_NAME': 'by_scrapy', 'DOWNLOAD_DELAY': 2.5, 'LOG_FILE': 'Images360.log', 'LOG_LEVEL': 'INFO', 'NEWSPIDER_MODULE': 'by_scrapy.spiders', 'SPIDER_MODULES': ['by_scrapy.spiders']}
2019-04-19 09:50:05 [scrapy.extensions.telnet] INFO: Telnet Password: f66d42908d7127e6
2019-04-19 09:50:05 [scrapy.middleware] INFO: Enabled extensions:
['scrapy.extensions.corestats.CoreStats',
 'scrapy.extensions.telnet.TelnetConsole',
 'scrapy.extensions.logstats.LogStats']
2019-04-19 09:50:06 [scrapy.middleware] INFO: Enabled downloader middlewares:
['by_scrapy.middlewares.RandomUserAgent',
 'scrapy.downloadermiddlewares.httpauth.HttpAuthMiddleware',
 'scrapy.downloadermiddlewares.downloadtimeout.DownloadTimeoutMiddleware',
 'scrapy.downloadermiddlewares.defaultheaders.DefaultHeadersMiddleware',
 'scrapy.downloadermiddlewares.useragent.UserAgentMiddleware',
 'scrapy.downloadermiddlewares.retry.RetryMiddleware',
 'scrapy.downloadermiddlewares.redirect.MetaRefreshMiddleware',
 'scrapy.downloadermiddlewares.httpcompression.HttpCompressionMiddleware',
 'scrapy.downloadermiddlewares.redirect.RedirectMiddleware',
 'scrapy.downloadermiddlewares.cookies.CookiesMiddleware',
 'scrapy.downloadermiddlewares.httpproxy.HttpProxyMiddleware',
 'scrapy.downloadermiddlewares.stats.DownloaderStats']
2019-04-19 09:50:06 [scrapy.middleware] INFO: Enabled spider middlewares:
['scrapy.spidermiddlewares.httperror.HttpErrorMiddleware',
 'scrapy.spidermiddlewares.offsite.OffsiteMiddleware',
 'scrapy.spidermiddlewares.referer.RefererMiddleware',
 'scrapy.spidermiddlewares.urllength.UrlLengthMiddleware',
 'scrapy.spidermiddlewares.depth.DepthMiddleware']
2019-04-19 09:50:06 [scrapy.middleware] INFO: Enabled item pipelines:
['by_scrapy.pipelines.Images360ImagePiples']
2019-04-19 09:50:06 [scrapy.core.engine] INFO: Spider opened
2019-04-19 09:50:06 [scrapy.extensions.logstats] INFO: Crawled 0 pages (at 0 pages/min), scraped 0 items (at 0 items/min)
2019-04-19 09:50:06 [scrapy.extensions.telnet] INFO: Telnet console listening on 127.0.0.1:6024
2019-04-19 09:51:06 [scrapy.extensions.logstats] INFO: Crawled 73 pages (at 73 pages/min), scraped 99 items (at 99 items/min)
2019-04-19 09:51:43 [scrapy.core.engine] INFO: Closing spider (finished)
2019-04-19 09:51:43 [scrapy.statscollectors] INFO: Dumping Scrapy stats:
{'downloader/request_bytes': 30784,
 'downloader/request_count': 94,
 'downloader/request_method_count/GET': 94,
 'downloader/response_bytes': 32290497,
 'downloader/response_count': 94,
 'downloader/response_status_count/200': 94,
 'dupefilter/filtered': 9,
 'file_count': 120,
 'file_status_count/downloaded': 90,
 'file_status_count/uptodate': 30,
 'finish_reason': 'finished',
 'finish_time': datetime.datetime(2019, 4, 19, 1, 51, 43, 429229),
 'item_scraped_count': 120,
 'log_count/INFO': 10,
 'request_depth_max': 2,
 'response_received_count': 94,
 'scheduler/dequeued': 4,
 'scheduler/dequeued/memory': 4,
 'scheduler/enqueued': 4,
 'scheduler/enqueued/memory': 4,
 'start_time': datetime.datetime(2019, 4, 19, 1, 50, 6, 297072)}
2019-04-19 09:51:43 [scrapy.core.engine] INFO: Spider closed (finished)
2019-04-19 10:18:03 [scrapy.utils.log] INFO: Scrapy 1.6.0 started (bot: by_scrapy)
2019-04-19 10:18:03 [scrapy.utils.log] INFO: Versions: lxml 4.2.5.0, libxml2 2.9.5, cssselect 1.0.3, parsel 1.5.1, w3lib 1.20.0, Twisted 18.9.0, Python 3.6.8 (tags/v3.6.8:3c6b436a57, Dec 24 2018, 00:16:47) [MSC v.1916 64 bit (AMD64)], pyOpenSSL 19.0.0 (OpenSSL 1.1.1b  26 Feb 2019), cryptography 2.6.1, Platform Windows-10-10.0.17134-SP0
2019-04-19 10:18:03 [scrapy.crawler] INFO: Overridden settings: {'BOT_NAME': 'by_scrapy', 'DOWNLOAD_DELAY': 2.5, 'LOG_FILE': 'Images360.log', 'LOG_LEVEL': 'INFO', 'NEWSPIDER_MODULE': 'by_scrapy.spiders', 'SPIDER_MODULES': ['by_scrapy.spiders']}
2019-04-19 10:18:03 [scrapy.extensions.telnet] INFO: Telnet Password: f19859fe5ff61fa5
2019-04-19 10:18:03 [scrapy.middleware] INFO: Enabled extensions:
['scrapy.extensions.corestats.CoreStats',
 'scrapy.extensions.telnet.TelnetConsole',
 'scrapy.extensions.logstats.LogStats']
2019-04-19 10:18:03 [scrapy.middleware] INFO: Enabled downloader middlewares:
['by_scrapy.middlewares.RandomUserAgent',
 'scrapy.downloadermiddlewares.httpauth.HttpAuthMiddleware',
 'scrapy.downloadermiddlewares.downloadtimeout.DownloadTimeoutMiddleware',
 'scrapy.downloadermiddlewares.defaultheaders.DefaultHeadersMiddleware',
 'scrapy.downloadermiddlewares.useragent.UserAgentMiddleware',
 'scrapy.downloadermiddlewares.retry.RetryMiddleware',
 'scrapy.downloadermiddlewares.redirect.MetaRefreshMiddleware',
 'scrapy.downloadermiddlewares.httpcompression.HttpCompressionMiddleware',
 'scrapy.downloadermiddlewares.redirect.RedirectMiddleware',
 'scrapy.downloadermiddlewares.cookies.CookiesMiddleware',
 'scrapy.downloadermiddlewares.httpproxy.HttpProxyMiddleware',
 'scrapy.downloadermiddlewares.stats.DownloaderStats']
2019-04-19 10:18:03 [scrapy.middleware] INFO: Enabled spider middlewares:
['scrapy.spidermiddlewares.httperror.HttpErrorMiddleware',
 'scrapy.spidermiddlewares.offsite.OffsiteMiddleware',
 'scrapy.spidermiddlewares.referer.RefererMiddleware',
 'scrapy.spidermiddlewares.urllength.UrlLengthMiddleware',
 'scrapy.spidermiddlewares.depth.DepthMiddleware']
2019-04-19 10:18:03 [scrapy.middleware] INFO: Enabled item pipelines:
['by_scrapy.pipelines.Images360ImagePiples',
 'by_scrapy.pipelines.Images360MongoPiples']
2019-04-19 10:18:03 [scrapy.core.engine] INFO: Spider opened
2019-04-19 10:18:03 [scrapy.extensions.logstats] INFO: Crawled 0 pages (at 0 pages/min), scraped 0 items (at 0 items/min)
2019-04-19 10:18:03 [scrapy.extensions.telnet] INFO: Telnet console listening on 127.0.0.1:6024
2019-04-19 10:18:14 [scrapy.core.engine] INFO: Closing spider (finished)
2019-04-19 10:18:14 [scrapy.statscollectors] INFO: Dumping Scrapy stats:
{'downloader/request_bytes': 1440,
 'downloader/request_count': 4,
 'downloader/request_method_count/GET': 4,
 'downloader/response_bytes': 19428,
 'downloader/response_count': 4,
 'downloader/response_status_count/200': 4,
 'dupefilter/filtered': 9,
 'file_count': 120,
 'file_status_count/uptodate': 120,
 'finish_reason': 'finished',
 'finish_time': datetime.datetime(2019, 4, 19, 2, 18, 14, 688866),
 'item_scraped_count': 120,
 'log_count/INFO': 9,
 'request_depth_max': 2,
 'response_received_count': 4,
 'scheduler/dequeued': 4,
 'scheduler/dequeued/memory': 4,
 'scheduler/enqueued': 4,
 'scheduler/enqueued/memory': 4,
 'start_time': datetime.datetime(2019, 4, 19, 2, 18, 3, 839720)}
2019-04-19 10:18:14 [scrapy.core.engine] INFO: Spider closed (finished)
