2019-04-11 15:27:49 [scrapy.utils.log] INFO: Scrapy 1.6.0 started (bot: by_scrapy)
2019-04-11 15:27:49 [scrapy.utils.log] INFO: Versions: lxml 4.2.5.0, libxml2 2.9.5, cssselect 1.0.3, parsel 1.5.1, w3lib 1.20.0, Twisted 18.9.0, Python 3.6.8 (tags/v3.6.8:3c6b436a57, Dec 24 2018, 00:16:47) [MSC v.1916 64 bit (AMD64)], pyOpenSSL 19.0.0 (OpenSSL 1.1.1b  26 Feb 2019), cryptography 2.6.1, Platform Windows-10-10.0.17134-SP0
2019-04-11 15:27:49 [scrapy.crawler] INFO: Overridden settings: {'BOT_NAME': 'by_scrapy', 'LOG_FILE': 'TencentSpider.log', 'LOG_LEVEL': 'INFO', 'NEWSPIDER_MODULE': 'by_scrapy.spiders', 'SPIDER_MODULES': ['by_scrapy.spiders']}
2019-04-11 15:27:49 [scrapy.extensions.telnet] INFO: Telnet Password: db6398850937a6aa
2019-04-11 15:27:49 [scrapy.middleware] INFO: Enabled extensions:
['scrapy.extensions.corestats.CoreStats',
 'scrapy.extensions.telnet.TelnetConsole',
 'scrapy.extensions.logstats.LogStats']
2019-04-11 15:27:49 [scrapy.middleware] INFO: Enabled downloader middlewares:
['scrapy.downloadermiddlewares.httpauth.HttpAuthMiddleware',
 'scrapy.downloadermiddlewares.downloadtimeout.DownloadTimeoutMiddleware',
 'scrapy.downloadermiddlewares.defaultheaders.DefaultHeadersMiddleware',
 'scrapy.downloadermiddlewares.useragent.UserAgentMiddleware',
 'scrapy.downloadermiddlewares.retry.RetryMiddleware',
 'scrapy.downloadermiddlewares.redirect.MetaRefreshMiddleware',
 'scrapy.downloadermiddlewares.httpcompression.HttpCompressionMiddleware',
 'scrapy.downloadermiddlewares.redirect.RedirectMiddleware',
 'scrapy.downloadermiddlewares.cookies.CookiesMiddleware',
 'scrapy.downloadermiddlewares.httpproxy.HttpProxyMiddleware',
 'scrapy.downloadermiddlewares.stats.DownloaderStats']
2019-04-11 15:27:49 [scrapy.middleware] INFO: Enabled spider middlewares:
['scrapy.spidermiddlewares.httperror.HttpErrorMiddleware',
 'scrapy.spidermiddlewares.offsite.OffsiteMiddleware',
 'scrapy.spidermiddlewares.referer.RefererMiddleware',
 'scrapy.spidermiddlewares.urllength.UrlLengthMiddleware',
 'scrapy.spidermiddlewares.depth.DepthMiddleware']
2019-04-11 15:27:49 [scrapy.middleware] INFO: Enabled item pipelines:
['by_scrapy.pipelines.TencentJobPipeline']
2019-04-11 15:27:49 [scrapy.core.engine] INFO: Spider opened
2019-04-11 15:27:50 [scrapy.extensions.logstats] INFO: Crawled 0 pages (at 0 pages/min), scraped 0 items (at 0 items/min)
2019-04-11 15:27:50 [scrapy.extensions.telnet] INFO: Telnet console listening on 127.0.0.1:6023
2019-04-11 15:28:28 [scrapy.core.engine] INFO: Closing spider (finished)
2019-04-11 15:28:28 [scrapy.statscollectors] INFO: Dumping Scrapy stats:
{'downloader/request_bytes': 108776,
 'downloader/request_count': 320,
 'downloader/request_method_count/GET': 320,
 'downloader/response_bytes': 1271557,
 'downloader/response_count': 320,
 'downloader/response_status_count/200': 320,
 'dupefilter/filtered': 2237,
 'finish_reason': 'finished',
 'finish_time': datetime.datetime(2019, 4, 11, 7, 28, 28, 382950),
 'item_scraped_count': 3181,
 'log_count/INFO': 9,
 'request_depth_max': 47,
 'response_received_count': 320,
 'scheduler/dequeued': 320,
 'scheduler/dequeued/memory': 320,
 'scheduler/enqueued': 320,
 'scheduler/enqueued/memory': 320,
 'start_time': datetime.datetime(2019, 4, 11, 7, 27, 50, 43358)}
2019-04-11 15:28:28 [scrapy.core.engine] INFO: Spider closed (finished)
2019-04-11 15:29:50 [scrapy.utils.log] INFO: Scrapy 1.6.0 started (bot: by_scrapy)
2019-04-11 15:29:50 [scrapy.utils.log] INFO: Versions: lxml 4.2.5.0, libxml2 2.9.5, cssselect 1.0.3, parsel 1.5.1, w3lib 1.20.0, Twisted 18.9.0, Python 3.6.8 (tags/v3.6.8:3c6b436a57, Dec 24 2018, 00:16:47) [MSC v.1916 64 bit (AMD64)], pyOpenSSL 19.0.0 (OpenSSL 1.1.1b  26 Feb 2019), cryptography 2.6.1, Platform Windows-10-10.0.17134-SP0
2019-04-11 15:29:50 [scrapy.crawler] INFO: Overridden settings: {'BOT_NAME': 'by_scrapy', 'LOG_FILE': 'TencentSpider.log', 'LOG_LEVEL': 'INFO', 'NEWSPIDER_MODULE': 'by_scrapy.spiders', 'SPIDER_MODULES': ['by_scrapy.spiders']}
2019-04-11 15:29:50 [scrapy.extensions.telnet] INFO: Telnet Password: e0c26cd283f64f22
2019-04-11 15:29:50 [scrapy.middleware] INFO: Enabled extensions:
['scrapy.extensions.corestats.CoreStats',
 'scrapy.extensions.telnet.TelnetConsole',
 'scrapy.extensions.logstats.LogStats']
2019-04-11 15:29:51 [scrapy.middleware] INFO: Enabled downloader middlewares:
['scrapy.downloadermiddlewares.httpauth.HttpAuthMiddleware',
 'scrapy.downloadermiddlewares.downloadtimeout.DownloadTimeoutMiddleware',
 'scrapy.downloadermiddlewares.defaultheaders.DefaultHeadersMiddleware',
 'scrapy.downloadermiddlewares.useragent.UserAgentMiddleware',
 'scrapy.downloadermiddlewares.retry.RetryMiddleware',
 'scrapy.downloadermiddlewares.redirect.MetaRefreshMiddleware',
 'scrapy.downloadermiddlewares.httpcompression.HttpCompressionMiddleware',
 'scrapy.downloadermiddlewares.redirect.RedirectMiddleware',
 'scrapy.downloadermiddlewares.cookies.CookiesMiddleware',
 'scrapy.downloadermiddlewares.httpproxy.HttpProxyMiddleware',
 'scrapy.downloadermiddlewares.stats.DownloaderStats']
2019-04-11 15:29:51 [scrapy.middleware] INFO: Enabled spider middlewares:
['scrapy.spidermiddlewares.httperror.HttpErrorMiddleware',
 'scrapy.spidermiddlewares.offsite.OffsiteMiddleware',
 'scrapy.spidermiddlewares.referer.RefererMiddleware',
 'scrapy.spidermiddlewares.urllength.UrlLengthMiddleware',
 'scrapy.spidermiddlewares.depth.DepthMiddleware']
2019-04-11 15:29:51 [scrapy.middleware] INFO: Enabled item pipelines:
['by_scrapy.pipelines.TencentJobPipeline']
2019-04-11 15:29:51 [scrapy.core.engine] INFO: Spider opened
2019-04-11 15:29:51 [scrapy.extensions.logstats] INFO: Crawled 0 pages (at 0 pages/min), scraped 0 items (at 0 items/min)
2019-04-11 15:29:51 [scrapy.extensions.telnet] INFO: Telnet console listening on 127.0.0.1:6023
